<?xml version="1.0" encoding="UTF-8"?>
<testng-results ignored="0" total="2" passed="1" failed="1" skipped="0">
  <reporter-output>
  </reporter-output>
  <suite started-at="2022-07-19T11:38:54 IST" name="Suite" finished-at="2022-07-19T11:39:18 IST" duration-ms="23726">
    <groups>
    </groups>
    <test started-at="2022-07-19T11:38:54 IST" name="Test" finished-at="2022-07-19T11:39:18 IST" duration-ms="23726">
      <class name="com.testScenarios.TestScenario_LetsCodeIt">
        <test-method is-config="true" signature="beforeTest()[pri:0, instance:com.testScenarios.TestScenario_LetsCodeIt@368247b9]" started-at="2022-07-19T11:38:54 IST" name="beforeTest" finished-at="2022-07-19T11:39:07 IST" duration-ms="12485" status="PASS">
          <reporter-output>
          </reporter-output>
        </test-method> <!-- beforeTest -->
        <test-method signature="Test1()[pri:0, instance:com.testScenarios.TestScenario_LetsCodeIt@368247b9]" started-at="2022-07-19T11:39:07 IST" name="Test1" finished-at="2022-07-19T11:39:18 IST" duration-ms="10797" status="PASS">
          <reporter-output>
          </reporter-output>
        </test-method> <!-- Test1 -->
        <test-method is-config="true" signature="afterTest()[pri:0, instance:com.testScenarios.TestScenario_LetsCodeIt@368247b9]" started-at="2022-07-19T11:39:18 IST" name="afterTest" finished-at="2022-07-19T11:39:18 IST" duration-ms="391" status="PASS">
          <reporter-output>
          </reporter-output>
        </test-method> <!-- afterTest -->
      </class> <!-- com.testScenarios.TestScenario_LetsCodeIt -->
      <class name="com.testScenarios.TestScenarios_MMT">
        <test-method signature="Test2()[pri:0, instance:com.testScenarios.TestScenarios_MMT@59505b48]" started-at="2022-07-19T11:39:07 IST" name="Test2" finished-at="2022-07-19T11:39:07 IST" duration-ms="8" status="FAIL">
          <exception class="java.lang.NullPointerException">
            <message>
              <![CDATA[Cannot invoke "org.openqa.selenium.WebDriver.get(String)" because "this.driver" is null]]>
            </message>
            <full-stacktrace>
              <![CDATA[java.lang.NullPointerException: Cannot invoke "org.openqa.selenium.WebDriver.get(String)" because "this.driver" is null
at com.testScenarios.TestScenarios_MMT.Test2(TestScenarios_MMT.java:28)
at java.base/jdk.internal.reflect.NativeMethodAccessorImpl.invoke0(Native Method)
at java.base/jdk.internal.reflect.NativeMethodAccessorImpl.invoke(NativeMethodAccessorImpl.java:77)
at java.base/jdk.internal.reflect.DelegatingMethodAccessorImpl.invoke(DelegatingMethodAccessorImpl.java:43)
at java.base/java.lang.reflect.Method.invoke(Method.java:568)
at org.testng.internal.invokers.MethodInvocationHelper.invokeMethod(MethodInvocationHelper.java:139)
at org.testng.internal.invokers.TestInvoker.invokeMethod(TestInvoker.java:677)
at org.testng.internal.invokers.TestInvoker.invokeTestMethod(TestInvoker.java:221)
at org.testng.internal.invokers.MethodRunner.runInSequence(MethodRunner.java:50)
at org.testng.internal.invokers.TestInvoker$MethodInvocationAgent.invoke(TestInvoker.java:962)
at org.testng.internal.invokers.TestInvoker.invokeTestMethods(TestInvoker.java:194)
at org.testng.internal.invokers.TestMethodWorker.invokeTestMethods(TestMethodWorker.java:148)
at org.testng.internal.invokers.TestMethodWorker.run(TestMethodWorker.java:128)
at java.base/java.util.concurrent.ThreadPoolExecutor.runWorker(ThreadPoolExecutor.java:1136)
at java.base/java.util.concurrent.ThreadPoolExecutor$Worker.run(ThreadPoolExecutor.java:635)
at java.base/java.lang.Thread.run(Thread.java:833)
]]>
            </full-stacktrace>
          </exception> <!-- java.lang.NullPointerException -->
          <reporter-output>
          </reporter-output>
        </test-method> <!-- Test2 -->
      </class> <!-- com.testScenarios.TestScenarios_MMT -->
    </test> <!-- Test -->
  </suite> <!-- Suite -->
</testng-results>
