<?xml version="1.0" encoding="UTF-8"?>
<testng-results ignored="0" total="2" passed="2" failed="0" skipped="0">
  <reporter-output>
  </reporter-output>
  <suite started-at="2022-07-19T12:04:42 IST" name="Surefire suite" finished-at="2022-07-19T12:05:53 IST" duration-ms="70910">
    <groups>
    </groups>
    <test started-at="2022-07-19T12:04:42 IST" name="Surefire test" finished-at="2022-07-19T12:05:53 IST" duration-ms="70910">
      <class name="com.testScenarios.TestScenario_LetsCodeIt">
        <test-method is-config="true" signature="beforeTest()[pri:0, instance:com.testScenarios.TestScenario_LetsCodeIt@3c73951]" started-at="2022-07-19T12:04:42 IST" name="beforeTest" finished-at="2022-07-19T12:04:54 IST" duration-ms="12405" status="PASS">
          <reporter-output>
          </reporter-output>
        </test-method> <!-- beforeTest -->
        <test-method signature="Test1()[pri:0, instance:com.testScenarios.TestScenario_LetsCodeIt@3c73951]" started-at="2022-07-19T12:05:41 IST" name="Test1" finished-at="2022-07-19T12:05:52 IST" duration-ms="10762" status="PASS">
          <reporter-output>
          </reporter-output>
        </test-method> <!-- Test1 -->
        <test-method is-config="true" signature="afterTest()[pri:0, instance:com.testScenarios.TestScenario_LetsCodeIt@3c73951]" started-at="2022-07-19T12:05:52 IST" name="afterTest" finished-at="2022-07-19T12:05:52 IST" duration-ms="390" status="PASS">
          <reporter-output>
          </reporter-output>
        </test-method> <!-- afterTest -->
      </class> <!-- com.testScenarios.TestScenario_LetsCodeIt -->
      <class name="com.testScenarios.TestScenarios_MMT">
        <test-method is-config="true" signature="beforeTest()[pri:0, instance:com.testScenarios.TestScenarios_MMT@ea6147e]" started-at="2022-07-19T12:04:54 IST" name="beforeTest" finished-at="2022-07-19T12:04:59 IST" duration-ms="4837" status="PASS">
          <reporter-output>
          </reporter-output>
        </test-method> <!-- beforeTest -->
        <test-method signature="Test2()[pri:0, instance:com.testScenarios.TestScenarios_MMT@ea6147e]" started-at="2022-07-19T12:04:59 IST" name="Test2" finished-at="2022-07-19T12:05:41 IST" duration-ms="42063" status="PASS">
          <reporter-output>
          </reporter-output>
        </test-method> <!-- Test2 -->
        <test-method is-config="true" signature="afterTest()[pri:0, instance:com.testScenarios.TestScenarios_MMT@ea6147e]" started-at="2022-07-19T12:05:52 IST" name="afterTest" finished-at="2022-07-19T12:05:53 IST" duration-ms="391" status="PASS">
          <reporter-output>
          </reporter-output>
        </test-method> <!-- afterTest -->
      </class> <!-- com.testScenarios.TestScenarios_MMT -->
    </test> <!-- Surefire test -->
  </suite> <!-- Surefire suite -->
</testng-results>
