<?xml version="1.0" encoding="UTF-8"?>
<!-- Generated by org.testng.reporters.JUnitXMLReporter -->
<testsuite ignored="0" hostname="SnigdhAlok" failures="1" tests="2" name="Test" time="23.726" errors="0" timestamp="2022-07-19T11:39:18 IST">
  <testcase classname="com.testScenarios.TestScenarios_MMT" name="Test2" time="0.008">
    <failure type="java.lang.NullPointerException" message="Cannot invoke &amp;quot;org.openqa.selenium.WebDriver.get(String)&amp;quot; because &amp;quot;this.driver&amp;quot; is null">
      <![CDATA[java.lang.NullPointerException: Cannot invoke "org.openqa.selenium.WebDriver.get(String)" because "this.driver" is null
at com.testScenarios.TestScenarios_MMT.Test2(TestScenarios_MMT.java:28)
at java.base/java.util.concurrent.ThreadPoolExecutor.runWorker(ThreadPoolExecutor.java:1136)
at java.base/java.util.concurrent.ThreadPoolExecutor$Worker.run(ThreadPoolExecutor.java:635)
at java.base/java.lang.Thread.run(Thread.java:833)
... Removed 12 stack frames]]>
    </failure>
  </testcase> <!-- Test2 -->
  <testcase classname="com.testScenarios.TestScenario_LetsCodeIt" name="Test1" time="10.797"/>
</testsuite> <!-- Test -->
